<?xml version="1.0" encoding="UTF-8"?>
<testsuite xmlns:xsi="http://www.w3.org/2001/XMLSchema-instance" xsi:noNamespaceSchemaLocation="https://maven.apache.org/surefire/maven-surefire-plugin/xsd/surefire-test-report-3.0.xsd" version="3.0" name="com.holynekk.cengMarketplace.CengMarketplaceApplicationTests" time="3.163" tests="1" errors="0" skipped="0" failures="0">
  <properties>
    <property name="java.specification.version" value="17"/>
    <property name="sun.jnu.encoding" value="UTF-8"/>
    <property name="java.class.path" value="/home/holynekk/Desktop/ceng-marketplace/target/test-classes:/home/holynekk/Desktop/ceng-marketplace/target/classes:/home/holynekk/.m2/repository/org/springframework/boot/spring-boot-starter-thymeleaf/3.2.3/spring-boot-starter-thymeleaf-3.2.3.jar:/home/holynekk/.m2/repository/org/springframework/boot/spring-boot-starter/3.2.3/spring-boot-starter-3.2.3.jar:/home/holynekk/.m2/repository/org/springframework/boot/spring-boot/3.2.3/spring-boot-3.2.3.jar:/home/holynekk/.m2/repository/org/springframework/boot/spring-boot-autoconfigure/3.2.3/spring-boot-autoconfigure-3.2.3.jar:/home/holynekk/.m2/repository/org/springframework/boot/spring-boot-starter-logging/3.2.3/spring-boot-starter-logging-3.2.3.jar:/home/holynekk/.m2/repository/ch/qos/logback/logback-classic/1.4.14/logback-classic-1.4.14.jar:/home/holynekk/.m2/repository/ch/qos/logback/logback-core/1.4.14/logback-core-1.4.14.jar:/home/holynekk/.m2/repository/org/apache/logging/log4j/log4j-to-slf4j/2.21.1/log4j-to-slf4j-2.21.1.jar:/home/holynekk/.m2/repository/org/apache/logging/log4j/log4j-api/2.21.1/log4j-api-2.21.1.jar:/home/holynekk/.m2/repository/org/slf4j/jul-to-slf4j/2.0.12/jul-to-slf4j-2.0.12.jar:/home/holynekk/.m2/repository/jakarta/annotation/jakarta.annotation-api/2.1.1/jakarta.annotation-api-2.1.1.jar:/home/holynekk/.m2/repository/org/yaml/snakeyaml/2.2/snakeyaml-2.2.jar:/home/holynekk/.m2/repository/org/thymeleaf/thymeleaf-spring6/3.1.2.RELEASE/thymeleaf-spring6-3.1.2.RELEASE.jar:/home/holynekk/.m2/repository/org/thymeleaf/thymeleaf/3.1.2.RELEASE/thymeleaf-3.1.2.RELEASE.jar:/home/holynekk/.m2/repository/org/attoparser/attoparser/2.0.7.RELEASE/attoparser-2.0.7.RELEASE.jar:/home/holynekk/.m2/repository/org/unbescape/unbescape/1.1.6.RELEASE/unbescape-1.1.6.RELEASE.jar:/home/holynekk/.m2/repository/org/thymeleaf/extras/thymeleaf-extras-springsecurity6/3.1.2.RELEASE/thymeleaf-extras-springsecurity6-3.1.2.RELEASE.jar:/home/holynekk/.m2/repository/org/slf4j/slf4j-api/2.0.12/slf4j-api-2.0.12.jar:/home/holynekk/.m2/repository/org/springframework/boot/spring-boot-starter-web/3.2.3/spring-boot-starter-web-3.2.3.jar:/home/holynekk/.m2/repository/org/springframework/boot/spring-boot-starter-json/3.2.3/spring-boot-starter-json-3.2.3.jar:/home/holynekk/.m2/repository/com/fasterxml/jackson/core/jackson-databind/2.15.4/jackson-databind-2.15.4.jar:/home/holynekk/.m2/repository/com/fasterxml/jackson/core/jackson-annotations/2.15.4/jackson-annotations-2.15.4.jar:/home/holynekk/.m2/repository/com/fasterxml/jackson/core/jackson-core/2.15.4/jackson-core-2.15.4.jar:/home/holynekk/.m2/repository/com/fasterxml/jackson/datatype/jackson-datatype-jdk8/2.15.4/jackson-datatype-jdk8-2.15.4.jar:/home/holynekk/.m2/repository/com/fasterxml/jackson/datatype/jackson-datatype-jsr310/2.15.4/jackson-datatype-jsr310-2.15.4.jar:/home/holynekk/.m2/repository/com/fasterxml/jackson/module/jackson-module-parameter-names/2.15.4/jackson-module-parameter-names-2.15.4.jar:/home/holynekk/.m2/repository/org/springframework/boot/spring-boot-starter-tomcat/3.2.3/spring-boot-starter-tomcat-3.2.3.jar:/home/holynekk/.m2/repository/org/apache/tomcat/embed/tomcat-embed-core/10.1.19/tomcat-embed-core-10.1.19.jar:/home/holynekk/.m2/repository/org/apache/tomcat/embed/tomcat-embed-el/10.1.19/tomcat-embed-el-10.1.19.jar:/home/holynekk/.m2/repository/org/apache/tomcat/embed/tomcat-embed-websocket/10.1.19/tomcat-embed-websocket-10.1.19.jar:/home/holynekk/.m2/repository/org/springframework/spring-web/6.1.4/spring-web-6.1.4.jar:/home/holynekk/.m2/repository/org/springframework/spring-beans/6.1.4/spring-beans-6.1.4.jar:/home/holynekk/.m2/repository/io/micrometer/micrometer-observation/1.12.3/micrometer-observation-1.12.3.jar:/home/holynekk/.m2/repository/io/micrometer/micrometer-commons/1.12.3/micrometer-commons-1.12.3.jar:/home/holynekk/.m2/repository/org/springframework/spring-webmvc/6.1.4/spring-webmvc-6.1.4.jar:/home/holynekk/.m2/repository/org/springframework/spring-context/6.1.4/spring-context-6.1.4.jar:/home/holynekk/.m2/repository/org/springframework/spring-expression/6.1.4/spring-expression-6.1.4.jar:/home/holynekk/.m2/repository/org/springframework/boot/spring-boot-starter-security/3.2.3/spring-boot-starter-security-3.2.3.jar:/home/holynekk/.m2/repository/org/springframework/spring-aop/6.1.4/spring-aop-6.1.4.jar:/home/holynekk/.m2/repository/org/springframework/security/spring-security-config/6.2.2/spring-security-config-6.2.2.jar:/home/holynekk/.m2/repository/org/springframework/security/spring-security-web/6.2.2/spring-security-web-6.2.2.jar:/home/holynekk/.m2/repository/org/springframework/boot/spring-boot-starter-data-mongodb/3.2.3/spring-boot-starter-data-mongodb-3.2.3.jar:/home/holynekk/.m2/repository/org/mongodb/mongodb-driver-sync/4.11.1/mongodb-driver-sync-4.11.1.jar:/home/holynekk/.m2/repository/org/mongodb/bson/4.11.1/bson-4.11.1.jar:/home/holynekk/.m2/repository/org/mongodb/mongodb-driver-core/4.11.1/mongodb-driver-core-4.11.1.jar:/home/holynekk/.m2/repository/org/mongodb/bson-record-codec/4.11.1/bson-record-codec-4.11.1.jar:/home/holynekk/.m2/repository/org/springframework/data/spring-data-mongodb/4.2.3/spring-data-mongodb-4.2.3.jar:/home/holynekk/.m2/repository/org/springframework/spring-tx/6.1.4/spring-tx-6.1.4.jar:/home/holynekk/.m2/repository/org/springframework/data/spring-data-commons/3.2.3/spring-data-commons-3.2.3.jar:/home/holynekk/.m2/repository/org/springframework/boot/spring-boot-starter-test/3.2.3/spring-boot-starter-test-3.2.3.jar:/home/holynekk/.m2/repository/org/springframework/boot/spring-boot-test/3.2.3/spring-boot-test-3.2.3.jar:/home/holynekk/.m2/repository/org/springframework/boot/spring-boot-test-autoconfigure/3.2.3/spring-boot-test-autoconfigure-3.2.3.jar:/home/holynekk/.m2/repository/com/jayway/jsonpath/json-path/2.9.0/json-path-2.9.0.jar:/home/holynekk/.m2/repository/jakarta/xml/bind/jakarta.xml.bind-api/4.0.1/jakarta.xml.bind-api-4.0.1.jar:/home/holynekk/.m2/repository/jakarta/activation/jakarta.activation-api/2.1.2/jakarta.activation-api-2.1.2.jar:/home/holynekk/.m2/repository/net/minidev/json-smart/2.5.0/json-smart-2.5.0.jar:/home/holynekk/.m2/repository/net/minidev/accessors-smart/2.5.0/accessors-smart-2.5.0.jar:/home/holynekk/.m2/repository/org/ow2/asm/asm/9.3/asm-9.3.jar:/home/holynekk/.m2/repository/org/assertj/assertj-core/3.24.2/assertj-core-3.24.2.jar:/home/holynekk/.m2/repository/net/bytebuddy/byte-buddy/1.14.12/byte-buddy-1.14.12.jar:/home/holynekk/.m2/repository/org/awaitility/awaitility/4.2.0/awaitility-4.2.0.jar:/home/holynekk/.m2/repository/org/hamcrest/hamcrest/2.2/hamcrest-2.2.jar:/home/holynekk/.m2/repository/org/junit/jupiter/junit-jupiter/5.10.2/junit-jupiter-5.10.2.jar:/home/holynekk/.m2/repository/org/junit/jupiter/junit-jupiter-api/5.10.2/junit-jupiter-api-5.10.2.jar:/home/holynekk/.m2/repository/org/opentest4j/opentest4j/1.3.0/opentest4j-1.3.0.jar:/home/holynekk/.m2/repository/org/junit/platform/junit-platform-commons/1.10.2/junit-platform-commons-1.10.2.jar:/home/holynekk/.m2/repository/org/apiguardian/apiguardian-api/1.1.2/apiguardian-api-1.1.2.jar:/home/holynekk/.m2/repository/org/junit/jupiter/junit-jupiter-params/5.10.2/junit-jupiter-params-5.10.2.jar:/home/holynekk/.m2/repository/org/junit/jupiter/junit-jupiter-engine/5.10.2/junit-jupiter-engine-5.10.2.jar:/home/holynekk/.m2/repository/org/junit/platform/junit-platform-engine/1.10.2/junit-platform-engine-1.10.2.jar:/home/holynekk/.m2/repository/org/mockito/mockito-core/5.7.0/mockito-core-5.7.0.jar:/home/holynekk/.m2/repository/net/bytebuddy/byte-buddy-agent/1.14.12/byte-buddy-agent-1.14.12.jar:/home/holynekk/.m2/repository/org/objenesis/objenesis/3.3/objenesis-3.3.jar:/home/holynekk/.m2/repository/org/mockito/mockito-junit-jupiter/5.7.0/mockito-junit-jupiter-5.7.0.jar:/home/holynekk/.m2/repository/org/skyscreamer/jsonassert/1.5.1/jsonassert-1.5.1.jar:/home/holynekk/.m2/repository/com/vaadin/external/google/android-json/0.0.20131108.vaadin1/android-json-0.0.20131108.vaadin1.jar:/home/holynekk/.m2/repository/org/springframework/spring-core/6.1.4/spring-core-6.1.4.jar:/home/holynekk/.m2/repository/org/springframework/spring-jcl/6.1.4/spring-jcl-6.1.4.jar:/home/holynekk/.m2/repository/org/springframework/spring-test/6.1.4/spring-test-6.1.4.jar:/home/holynekk/.m2/repository/org/xmlunit/xmlunit-core/2.9.1/xmlunit-core-2.9.1.jar:/home/holynekk/.m2/repository/org/springframework/security/spring-security-test/6.2.2/spring-security-test-6.2.2.jar:/home/holynekk/.m2/repository/org/springframework/security/spring-security-core/6.2.2/spring-security-core-6.2.2.jar:/home/holynekk/.m2/repository/org/springframework/security/spring-security-crypto/6.2.2/spring-security-crypto-6.2.2.jar:"/>
    <property name="java.vm.vendor" value="Private Build"/>
    <property name="sun.arch.data.model" value="64"/>
    <property name="java.vendor.url" value="Unknown"/>
    <property name="user.timezone" value="Europe/Istanbul"/>
    <property name="os.name" value="Linux"/>
    <property name="java.vm.specification.version" value="17"/>
    <property name="sun.java.launcher" value="SUN_STANDARD"/>
    <property name="user.country" value="US"/>
    <property name="sun.boot.library.path" value="/usr/lib/jvm/java-17-openjdk-amd64/lib"/>
    <property name="sun.java.command" value="/home/holynekk/Desktop/ceng-marketplace/target/surefire/surefirebooter-20240322012320371_3.jar /home/holynekk/Desktop/ceng-marketplace/target/surefire 2024-03-22T01-23-20_311-jvmRun1 surefire-20240322012320371_1tmp surefire_0-20240322012320371_2tmp"/>
    <property name="jdk.debug" value="release"/>
    <property name="surefire.test.class.path" value="/home/holynekk/Desktop/ceng-marketplace/target/test-classes:/home/holynekk/Desktop/ceng-marketplace/target/classes:/home/holynekk/.m2/repository/org/springframework/boot/spring-boot-starter-thymeleaf/3.2.3/spring-boot-starter-thymeleaf-3.2.3.jar:/home/holynekk/.m2/repository/org/springframework/boot/spring-boot-starter/3.2.3/spring-boot-starter-3.2.3.jar:/home/holynekk/.m2/repository/org/springframework/boot/spring-boot/3.2.3/spring-boot-3.2.3.jar:/home/holynekk/.m2/repository/org/springframework/boot/spring-boot-autoconfigure/3.2.3/spring-boot-autoconfigure-3.2.3.jar:/home/holynekk/.m2/repository/org/springframework/boot/spring-boot-starter-logging/3.2.3/spring-boot-starter-logging-3.2.3.jar:/home/holynekk/.m2/repository/ch/qos/logback/logback-classic/1.4.14/logback-classic-1.4.14.jar:/home/holynekk/.m2/repository/ch/qos/logback/logback-core/1.4.14/logback-core-1.4.14.jar:/home/holynekk/.m2/repository/org/apache/logging/log4j/log4j-to-slf4j/2.21.1/log4j-to-slf4j-2.21.1.jar:/home/holynekk/.m2/repository/org/apache/logging/log4j/log4j-api/2.21.1/log4j-api-2.21.1.jar:/home/holynekk/.m2/repository/org/slf4j/jul-to-slf4j/2.0.12/jul-to-slf4j-2.0.12.jar:/home/holynekk/.m2/repository/jakarta/annotation/jakarta.annotation-api/2.1.1/jakarta.annotation-api-2.1.1.jar:/home/holynekk/.m2/repository/org/yaml/snakeyaml/2.2/snakeyaml-2.2.jar:/home/holynekk/.m2/repository/org/thymeleaf/thymeleaf-spring6/3.1.2.RELEASE/thymeleaf-spring6-3.1.2.RELEASE.jar:/home/holynekk/.m2/repository/org/thymeleaf/thymeleaf/3.1.2.RELEASE/thymeleaf-3.1.2.RELEASE.jar:/home/holynekk/.m2/repository/org/attoparser/attoparser/2.0.7.RELEASE/attoparser-2.0.7.RELEASE.jar:/home/holynekk/.m2/repository/org/unbescape/unbescape/1.1.6.RELEASE/unbescape-1.1.6.RELEASE.jar:/home/holynekk/.m2/repository/org/thymeleaf/extras/thymeleaf-extras-springsecurity6/3.1.2.RELEASE/thymeleaf-extras-springsecurity6-3.1.2.RELEASE.jar:/home/holynekk/.m2/repository/org/slf4j/slf4j-api/2.0.12/slf4j-api-2.0.12.jar:/home/holynekk/.m2/repository/org/springframework/boot/spring-boot-starter-web/3.2.3/spring-boot-starter-web-3.2.3.jar:/home/holynekk/.m2/repository/org/springframework/boot/spring-boot-starter-json/3.2.3/spring-boot-starter-json-3.2.3.jar:/home/holynekk/.m2/repository/com/fasterxml/jackson/core/jackson-databind/2.15.4/jackson-databind-2.15.4.jar:/home/holynekk/.m2/repository/com/fasterxml/jackson/core/jackson-annotations/2.15.4/jackson-annotations-2.15.4.jar:/home/holynekk/.m2/repository/com/fasterxml/jackson/core/jackson-core/2.15.4/jackson-core-2.15.4.jar:/home/holynekk/.m2/repository/com/fasterxml/jackson/datatype/jackson-datatype-jdk8/2.15.4/jackson-datatype-jdk8-2.15.4.jar:/home/holynekk/.m2/repository/com/fasterxml/jackson/datatype/jackson-datatype-jsr310/2.15.4/jackson-datatype-jsr310-2.15.4.jar:/home/holynekk/.m2/repository/com/fasterxml/jackson/module/jackson-module-parameter-names/2.15.4/jackson-module-parameter-names-2.15.4.jar:/home/holynekk/.m2/repository/org/springframework/boot/spring-boot-starter-tomcat/3.2.3/spring-boot-starter-tomcat-3.2.3.jar:/home/holynekk/.m2/repository/org/apache/tomcat/embed/tomcat-embed-core/10.1.19/tomcat-embed-core-10.1.19.jar:/home/holynekk/.m2/repository/org/apache/tomcat/embed/tomcat-embed-el/10.1.19/tomcat-embed-el-10.1.19.jar:/home/holynekk/.m2/repository/org/apache/tomcat/embed/tomcat-embed-websocket/10.1.19/tomcat-embed-websocket-10.1.19.jar:/home/holynekk/.m2/repository/org/springframework/spring-web/6.1.4/spring-web-6.1.4.jar:/home/holynekk/.m2/repository/org/springframework/spring-beans/6.1.4/spring-beans-6.1.4.jar:/home/holynekk/.m2/repository/io/micrometer/micrometer-observation/1.12.3/micrometer-observation-1.12.3.jar:/home/holynekk/.m2/repository/io/micrometer/micrometer-commons/1.12.3/micrometer-commons-1.12.3.jar:/home/holynekk/.m2/repository/org/springframework/spring-webmvc/6.1.4/spring-webmvc-6.1.4.jar:/home/holynekk/.m2/repository/org/springframework/spring-context/6.1.4/spring-context-6.1.4.jar:/home/holynekk/.m2/repository/org/springframework/spring-expression/6.1.4/spring-expression-6.1.4.jar:/home/holynekk/.m2/repository/org/springframework/boot/spring-boot-starter-security/3.2.3/spring-boot-starter-security-3.2.3.jar:/home/holynekk/.m2/repository/org/springframework/spring-aop/6.1.4/spring-aop-6.1.4.jar:/home/holynekk/.m2/repository/org/springframework/security/spring-security-config/6.2.2/spring-security-config-6.2.2.jar:/home/holynekk/.m2/repository/org/springframework/security/spring-security-web/6.2.2/spring-security-web-6.2.2.jar:/home/holynekk/.m2/repository/org/springframework/boot/spring-boot-starter-data-mongodb/3.2.3/spring-boot-starter-data-mongodb-3.2.3.jar:/home/holynekk/.m2/repository/org/mongodb/mongodb-driver-sync/4.11.1/mongodb-driver-sync-4.11.1.jar:/home/holynekk/.m2/repository/org/mongodb/bson/4.11.1/bson-4.11.1.jar:/home/holynekk/.m2/repository/org/mongodb/mongodb-driver-core/4.11.1/mongodb-driver-core-4.11.1.jar:/home/holynekk/.m2/repository/org/mongodb/bson-record-codec/4.11.1/bson-record-codec-4.11.1.jar:/home/holynekk/.m2/repository/org/springframework/data/spring-data-mongodb/4.2.3/spring-data-mongodb-4.2.3.jar:/home/holynekk/.m2/repository/org/springframework/spring-tx/6.1.4/spring-tx-6.1.4.jar:/home/holynekk/.m2/repository/org/springframework/data/spring-data-commons/3.2.3/spring-data-commons-3.2.3.jar:/home/holynekk/.m2/repository/org/springframework/boot/spring-boot-starter-test/3.2.3/spring-boot-starter-test-3.2.3.jar:/home/holynekk/.m2/repository/org/springframework/boot/spring-boot-test/3.2.3/spring-boot-test-3.2.3.jar:/home/holynekk/.m2/repository/org/springframework/boot/spring-boot-test-autoconfigure/3.2.3/spring-boot-test-autoconfigure-3.2.3.jar:/home/holynekk/.m2/repository/com/jayway/jsonpath/json-path/2.9.0/json-path-2.9.0.jar:/home/holynekk/.m2/repository/jakarta/xml/bind/jakarta.xml.bind-api/4.0.1/jakarta.xml.bind-api-4.0.1.jar:/home/holynekk/.m2/repository/jakarta/activation/jakarta.activation-api/2.1.2/jakarta.activation-api-2.1.2.jar:/home/holynekk/.m2/repository/net/minidev/json-smart/2.5.0/json-smart-2.5.0.jar:/home/holynekk/.m2/repository/net/minidev/accessors-smart/2.5.0/accessors-smart-2.5.0.jar:/home/holynekk/.m2/repository/org/ow2/asm/asm/9.3/asm-9.3.jar:/home/holynekk/.m2/repository/org/assertj/assertj-core/3.24.2/assertj-core-3.24.2.jar:/home/holynekk/.m2/repository/net/bytebuddy/byte-buddy/1.14.12/byte-buddy-1.14.12.jar:/home/holynekk/.m2/repository/org/awaitility/awaitility/4.2.0/awaitility-4.2.0.jar:/home/holynekk/.m2/repository/org/hamcrest/hamcrest/2.2/hamcrest-2.2.jar:/home/holynekk/.m2/repository/org/junit/jupiter/junit-jupiter/5.10.2/junit-jupiter-5.10.2.jar:/home/holynekk/.m2/repository/org/junit/jupiter/junit-jupiter-api/5.10.2/junit-jupiter-api-5.10.2.jar:/home/holynekk/.m2/repository/org/opentest4j/opentest4j/1.3.0/opentest4j-1.3.0.jar:/home/holynekk/.m2/repository/org/junit/platform/junit-platform-commons/1.10.2/junit-platform-commons-1.10.2.jar:/home/holynekk/.m2/repository/org/apiguardian/apiguardian-api/1.1.2/apiguardian-api-1.1.2.jar:/home/holynekk/.m2/repository/org/junit/jupiter/junit-jupiter-params/5.10.2/junit-jupiter-params-5.10.2.jar:/home/holynekk/.m2/repository/org/junit/jupiter/junit-jupiter-engine/5.10.2/junit-jupiter-engine-5.10.2.jar:/home/holynekk/.m2/repository/org/junit/platform/junit-platform-engine/1.10.2/junit-platform-engine-1.10.2.jar:/home/holynekk/.m2/repository/org/mockito/mockito-core/5.7.0/mockito-core-5.7.0.jar:/home/holynekk/.m2/repository/net/bytebuddy/byte-buddy-agent/1.14.12/byte-buddy-agent-1.14.12.jar:/home/holynekk/.m2/repository/org/objenesis/objenesis/3.3/objenesis-3.3.jar:/home/holynekk/.m2/repository/org/mockito/mockito-junit-jupiter/5.7.0/mockito-junit-jupiter-5.7.0.jar:/home/holynekk/.m2/repository/org/skyscreamer/jsonassert/1.5.1/jsonassert-1.5.1.jar:/home/holynekk/.m2/repository/com/vaadin/external/google/android-json/0.0.20131108.vaadin1/android-json-0.0.20131108.vaadin1.jar:/home/holynekk/.m2/repository/org/springframework/spring-core/6.1.4/spring-core-6.1.4.jar:/home/holynekk/.m2/repository/org/springframework/spring-jcl/6.1.4/spring-jcl-6.1.4.jar:/home/holynekk/.m2/repository/org/springframework/spring-test/6.1.4/spring-test-6.1.4.jar:/home/holynekk/.m2/repository/org/xmlunit/xmlunit-core/2.9.1/xmlunit-core-2.9.1.jar:/home/holynekk/.m2/repository/org/springframework/security/spring-security-test/6.2.2/spring-security-test-6.2.2.jar:/home/holynekk/.m2/repository/org/springframework/security/spring-security-core/6.2.2/spring-security-core-6.2.2.jar:/home/holynekk/.m2/repository/org/springframework/security/spring-security-crypto/6.2.2/spring-security-crypto-6.2.2.jar:"/>
    <property name="sun.cpu.endian" value="little"/>
    <property name="user.home" value="/home/holynekk"/>
    <property name="user.language" value="en"/>
    <property name="java.specification.vendor" value="Oracle Corporation"/>
    <property name="java.version.date" value="2024-01-16"/>
    <property name="java.home" value="/usr/lib/jvm/java-17-openjdk-amd64"/>
    <property name="file.separator" value="/"/>
    <property name="basedir" value="/home/holynekk/Desktop/ceng-marketplace"/>
    <property name="java.vm.compressedOopsMode" value="Zero based"/>
    <property name="line.separator" value="&#10;"/>
    <property name="java.specification.name" value="Java Platform API Specification"/>
    <property name="java.vm.specification.vendor" value="Oracle Corporation"/>
    <property name="FILE_LOG_CHARSET" value="UTF-8"/>
    <property name="java.awt.headless" value="true"/>
    <property name="surefire.real.class.path" value="/home/holynekk/Desktop/ceng-marketplace/target/surefire/surefirebooter-20240322012320371_3.jar"/>
    <property name="sun.management.compiler" value="HotSpot 64-Bit Tiered Compilers"/>
    <property name="java.runtime.version" value="17.0.10+7-Ubuntu-122.04.1"/>
    <property name="user.name" value="holynekk"/>
    <property name="path.separator" value=":"/>
    <property name="os.version" value="6.5.0-26-generic"/>
    <property name="java.runtime.name" value="OpenJDK Runtime Environment"/>
    <property name="file.encoding" value="UTF-8"/>
    <property name="java.vm.name" value="OpenJDK 64-Bit Server VM"/>
    <property name="localRepository" value="/home/holynekk/.m2/repository"/>
    <property name="java.vendor.url.bug" value="Unknown"/>
    <property name="java.io.tmpdir" value="/tmp"/>
    <property name="idea.version" value="2024.1"/>
    <property name="java.version" value="17.0.10"/>
    <property name="user.dir" value="/home/holynekk/Desktop/ceng-marketplace"/>
    <property name="os.arch" value="amd64"/>
    <property name="java.vm.specification.name" value="Java Virtual Machine Specification"/>
    <property name="PID" value="575133"/>
    <property name="CONSOLE_LOG_CHARSET" value="UTF-8"/>
    <property name="native.encoding" value="UTF-8"/>
    <property name="java.library.path" value="/usr/java/packages/lib:/usr/lib/x86_64-linux-gnu/jni:/lib/x86_64-linux-gnu:/usr/lib/x86_64-linux-gnu:/usr/lib/jni:/lib:/usr/lib"/>
    <property name="java.vm.info" value="mixed mode, sharing"/>
    <property name="java.vendor" value="Private Build"/>
    <property name="java.vm.version" value="17.0.10+7-Ubuntu-122.04.1"/>
    <property name="sun.io.unicode.encoding" value="UnicodeLittle"/>
    <property name="java.class.version" value="61.0"/>
    <property name="LOGGED_APPLICATION_NAME" value="[cengMarketplace] "/>
  </properties>
  <testcase name="contextLoads" classname="com.holynekk.cengMarketplace.CengMarketplaceApplicationTests" time="0.628">
    <system-out><![CDATA[01:23:20.926 [main] INFO org.springframework.test.context.support.AnnotationConfigContextLoaderUtils -- Could not detect default configuration classes for test class [com.holynekk.cengMarketplace.CengMarketplaceApplicationTests]: CengMarketplaceApplicationTests does not declare any static, non-private, non-final, nested classes annotated with @Configuration.
01:23:20.998 [main] INFO org.springframework.boot.test.context.SpringBootTestContextBootstrapper -- Found @SpringBootConfiguration com.holynekk.cengMarketplace.CengMarketplaceApplication for test class com.holynekk.cengMarketplace.CengMarketplaceApplicationTests

  .   ____          _            __ _ _
 /\\ / ___'_ __ _ _(_)_ __  __ _ \ \ \ \
( ( )\___ | '_ | '_| | '_ \/ _` | \ \ \ \
 \\/  ___)| |_)| | | | | || (_| |  ) ) ) )
  '  |____| .__|_| |_|_| |_\__, | / / / /
 =========|_|==============|___/=/_/_/_/
 :: Spring Boot ::                (v3.2.3)

2024-03-22T01:23:21.324+03:00  INFO 575133 --- [cengMarketplace] [           main] c.h.c.CengMarketplaceApplicationTests    : Starting CengMarketplaceApplicationTests using Java 17.0.10 with PID 575133 (started by holynekk in /home/holynekk/Desktop/ceng-marketplace)
2024-03-22T01:23:21.325+03:00  INFO 575133 --- [cengMarketplace] [           main] c.h.c.CengMarketplaceApplicationTests    : No active profile set, falling back to 1 default profile: "default"
2024-03-22T01:23:21.886+03:00  INFO 575133 --- [cengMarketplace] [           main] .s.d.r.c.RepositoryConfigurationDelegate : Bootstrapping Spring Data MongoDB repositories in DEFAULT mode.
2024-03-22T01:23:21.928+03:00  INFO 575133 --- [cengMarketplace] [           main] .s.d.r.c.RepositoryConfigurationDelegate : Finished Spring Data repository scanning in 39 ms. Found 1 MongoDB repository interface.
2024-03-22T01:23:22.302+03:00  INFO 575133 --- [cengMarketplace] [rbr.mongodb.net] org.mongodb.driver.cluster               : Adding discovered server ac-rk84iwx-shard-00-02.4lqjrbr.mongodb.net:27017 to client view of cluster
2024-03-22T01:23:22.324+03:00  INFO 575133 --- [cengMarketplace] [           main] org.mongodb.driver.client                : MongoClient with metadata {"application": {"name": "Cluster0"}, "driver": {"name": "mongo-java-driver|sync|spring-boot", "version": "4.11.1"}, "os": {"type": "Linux", "name": "Linux", "architecture": "amd64", "version": "6.5.0-26-generic"}, "platform": "Java/Private Build/17.0.10+7-Ubuntu-122.04.1"} created with settings MongoClientSettings{readPreference=primary, writeConcern=WriteConcern{w=majority, wTimeout=null ms, journal=null}, retryWrites=true, retryReads=true, readConcern=ReadConcern{level=null}, credential=MongoCredential{mechanism=null, userName='holynekk', source='admin', password=<hidden>, mechanismProperties=<hidden>}, transportSettings=null, streamFactoryFactory=null, commandListeners=[], codecRegistry=ProvidersCodecRegistry{codecProviders=[ValueCodecProvider{}, BsonValueCodecProvider{}, DBRefCodecProvider{}, DBObjectCodecProvider{}, DocumentCodecProvider{}, CollectionCodecProvider{}, IterableCodecProvider{}, MapCodecProvider{}, GeoJsonCodecProvider{}, GridFSFileCodecProvider{}, Jsr310CodecProvider{}, JsonObjectCodecProvider{}, BsonCodecProvider{}, EnumCodecProvider{}, com.mongodb.client.model.mql.ExpressionCodecProvider@4dadd690, com.mongodb.Jep395RecordCodecProvider@707e4fe4, com.mongodb.KotlinCodecProvider@3281dfc2]}, loggerSettings=LoggerSettings{maxDocumentLength=1000}, clusterSettings={hosts=[127.0.0.1:27017], srvHost=cluster0.4lqjrbr.mongodb.net, srvServiceName=mongodb, mode=MULTIPLE, requiredClusterType=REPLICA_SET, requiredReplicaSetName='atlas-egig5x-shard-0', serverSelector='null', clusterListeners='[]', serverSelectionTimeout='30000 ms', localThreshold='15 ms'}, socketSettings=SocketSettings{connectTimeoutMS=10000, readTimeoutMS=0, receiveBufferSize=0, proxySettings=ProxySettings{host=null, port=null, username=null, password=null}}, heartbeatSocketSettings=SocketSettings{connectTimeoutMS=10000, readTimeoutMS=10000, receiveBufferSize=0, proxySettings=ProxySettings{host=null, port=null, username=null, password=null}}, connectionPoolSettings=ConnectionPoolSettings{maxSize=100, minSize=0, maxWaitTimeMS=120000, maxConnectionLifeTimeMS=0, maxConnectionIdleTimeMS=0, maintenanceInitialDelayMS=0, maintenanceFrequencyMS=60000, connectionPoolListeners=[], maxConnecting=2}, serverSettings=ServerSettings{heartbeatFrequencyMS=10000, minHeartbeatFrequencyMS=500, serverListeners='[]', serverMonitorListeners='[]'}, sslSettings=SslSettings{enabled=true, invalidHostNameAllowed=false, context=null}, applicationName='Cluster0', compressorList=[], uuidRepresentation=JAVA_LEGACY, serverApi=null, autoEncryptionSettings=null, dnsClient=null, inetAddressResolver=null, contextProvider=null}
2024-03-22T01:23:22.338+03:00  INFO 575133 --- [cengMarketplace] [rbr.mongodb.net] org.mongodb.driver.cluster               : Adding discovered server ac-rk84iwx-shard-00-01.4lqjrbr.mongodb.net:27017 to client view of cluster
2024-03-22T01:23:22.342+03:00  INFO 575133 --- [cengMarketplace] [rbr.mongodb.net] org.mongodb.driver.cluster               : Adding discovered server ac-rk84iwx-shard-00-00.4lqjrbr.mongodb.net:27017 to client view of cluster
2024-03-22T01:23:22.792+03:00  INFO 575133 --- [cengMarketplace] [           main] o.s.b.a.w.s.WelcomePageHandlerMapping    : Adding welcome page template: index
2024-03-22T01:23:22.909+03:00  INFO 575133 --- [cengMarketplace] [ngodb.net:27017] org.mongodb.driver.cluster               : Monitor thread successfully connected to server with description ServerDescription{address=ac-rk84iwx-shard-00-02.4lqjrbr.mongodb.net:27017, type=REPLICA_SET_PRIMARY, state=CONNECTED, ok=true, minWireVersion=0, maxWireVersion=21, maxDocumentSize=16777216, logicalSessionTimeoutMinutes=30, roundTripTimeNanos=342115870, setName='atlas-egig5x-shard-0', canonicalAddress=ac-rk84iwx-shard-00-02.4lqjrbr.mongodb.net:27017, hosts=[ac-rk84iwx-shard-00-00.4lqjrbr.mongodb.net:27017, ac-rk84iwx-shard-00-02.4lqjrbr.mongodb.net:27017, ac-rk84iwx-shard-00-01.4lqjrbr.mongodb.net:27017], passives=[], arbiters=[], primary='ac-rk84iwx-shard-00-02.4lqjrbr.mongodb.net:27017', tagSet=TagSet{[Tag{name='availabilityZone', value='euw3-az3'}, Tag{name='diskState', value='READY'}, Tag{name='nodeType', value='ELECTABLE'}, Tag{name='provider', value='AWS'}, Tag{name='region', value='EU_WEST_3'}, Tag{name='workloadType', value='OPERATIONAL'}]}, electionId=7fffffff0000000000000003, setVersion=1, topologyVersion=TopologyVersion{processId=65f9c56dd341b944b5c26b77, counter=6}, lastWriteDate=Fri Mar 22 01:23:09 TRT 2024, lastUpdateTimeNanos=45698496332723}
2024-03-22T01:23:22.909+03:00  INFO 575133 --- [cengMarketplace] [ngodb.net:27017] org.mongodb.driver.cluster               : Monitor thread successfully connected to server with description ServerDescription{address=ac-rk84iwx-shard-00-01.4lqjrbr.mongodb.net:27017, type=REPLICA_SET_SECONDARY, state=CONNECTED, ok=true, minWireVersion=0, maxWireVersion=21, maxDocumentSize=16777216, logicalSessionTimeoutMinutes=30, roundTripTimeNanos=343483211, setName='atlas-egig5x-shard-0', canonicalAddress=ac-rk84iwx-shard-00-01.4lqjrbr.mongodb.net:27017, hosts=[ac-rk84iwx-shard-00-00.4lqjrbr.mongodb.net:27017, ac-rk84iwx-shard-00-02.4lqjrbr.mongodb.net:27017, ac-rk84iwx-shard-00-01.4lqjrbr.mongodb.net:27017], passives=[], arbiters=[], primary='ac-rk84iwx-shard-00-02.4lqjrbr.mongodb.net:27017', tagSet=TagSet{[Tag{name='availabilityZone', value='euw3-az2'}, Tag{name='diskState', value='READY'}, Tag{name='nodeType', value='ELECTABLE'}, Tag{name='provider', value='AWS'}, Tag{name='region', value='EU_WEST_3'}, Tag{name='workloadType', value='OPERATIONAL'}]}, electionId=null, setVersion=1, topologyVersion=TopologyVersion{processId=65f9c5be5eff984ccb51a2cb, counter=3}, lastWriteDate=Fri Mar 22 01:23:09 TRT 2024, lastUpdateTimeNanos=45698496223243}
2024-03-22T01:23:22.909+03:00  INFO 575133 --- [cengMarketplace] [ngodb.net:27017] org.mongodb.driver.cluster               : Monitor thread successfully connected to server with description ServerDescription{address=ac-rk84iwx-shard-00-00.4lqjrbr.mongodb.net:27017, type=REPLICA_SET_SECONDARY, state=CONNECTED, ok=true, minWireVersion=0, maxWireVersion=21, maxDocumentSize=16777216, logicalSessionTimeoutMinutes=30, roundTripTimeNanos=348815447, setName='atlas-egig5x-shard-0', canonicalAddress=ac-rk84iwx-shard-00-00.4lqjrbr.mongodb.net:27017, hosts=[ac-rk84iwx-shard-00-00.4lqjrbr.mongodb.net:27017, ac-rk84iwx-shard-00-02.4lqjrbr.mongodb.net:27017, ac-rk84iwx-shard-00-01.4lqjrbr.mongodb.net:27017], passives=[], arbiters=[], primary='ac-rk84iwx-shard-00-02.4lqjrbr.mongodb.net:27017', tagSet=TagSet{[Tag{name='availabilityZone', value='euw3-az1'}, Tag{name='diskState', value='READY'}, Tag{name='nodeType', value='ELECTABLE'}, Tag{name='provider', value='AWS'}, Tag{name='region', value='EU_WEST_3'}, Tag{name='workloadType', value='OPERATIONAL'}]}, electionId=null, setVersion=1, topologyVersion=TopologyVersion{processId=65f9c51b03a744497315381c, counter=4}, lastWriteDate=Fri Mar 22 01:23:09 TRT 2024, lastUpdateTimeNanos=45698496223292}
2024-03-22T01:23:22.912+03:00  INFO 575133 --- [cengMarketplace] [ngodb.net:27017] org.mongodb.driver.cluster               : Discovered replica set primary ac-rk84iwx-shard-00-02.4lqjrbr.mongodb.net:27017 with max election id 7fffffff0000000000000003 and max set version 1
2024-03-22T01:23:23.019+03:00  INFO 575133 --- [cengMarketplace] [           main] o.s.s.web.DefaultSecurityFilterChain     : Will secure any request with [org.springframework.security.web.session.DisableEncodeUrlFilter@1ac0cdb0, org.springframework.security.web.context.request.async.WebAsyncManagerIntegrationFilter@6684f7f2, org.springframework.security.web.context.SecurityContextHolderFilter@464ede1f, org.springframework.security.web.header.HeaderWriterFilter@7d3bf8db, org.springframework.web.filter.CorsFilter@1682e6a, org.springframework.security.web.csrf.CsrfFilter@7c5f29c6, org.springframework.security.web.authentication.logout.LogoutFilter@6c96403e, org.springframework.security.web.authentication.UsernamePasswordAuthenticationFilter@2ba024cb, org.springframework.security.web.savedrequest.RequestCacheAwareFilter@1247c72e, org.springframework.security.web.servletapi.SecurityContextHolderAwareRequestFilter@6fef75c6, org.springframework.security.web.authentication.AnonymousAuthenticationFilter@505d2bac, org.springframework.security.web.access.ExceptionTranslationFilter@7bc2ae16, org.springframework.security.web.access.intercept.AuthorizationFilter@ba4f370]
2024-03-22T01:23:23.323+03:00  INFO 575133 --- [cengMarketplace] [           main] c.h.c.CengMarketplaceApplicationTests    : Started CengMarketplaceApplicationTests in 2.22 seconds (process running for 2.914)
]]></system-out>
  </testcase>
</testsuite>